# JRE version: Java(TM) SE Runtime Environment (8.0_131-b11) (build 1.8.0_131-b11)
# Java VM: Java HotSpot(TM) 64-Bit Server VM (25.131-b11 mixed mode windows-amd64 compressed oops)
Heap:
 PSYoungGen      total 128000K, used 67954K [0x00000000eab00000, 0x00000000f5380000, 0x0000000100000000)
  eden space 114688K, 47% used [0x00000000eab00000,0x00000000ee05dcf8,0x00000000f1b00000)
  from space 13312K, 99% used [0x00000000f1b00000,0x00000000f27feb58,0x00000000f2800000)
  to   space 15872K, 0% used [0x00000000f4400000,0x00000000f4400000,0x00000000f5380000)
 ParOldGen       total 67584K, used 23919K [0x00000000c0000000, 0x00000000c4200000, 0x00000000eab00000)
  object space 67584K, 35% used [0x00000000c0000000,0x00000000c175bd90,0x00000000c4200000)
 Metaspace       used 43023K, capacity 43728K, committed 44120K, reserved 1087488K
  class space    used 5767K, capacity 5983K, committed 6016K, reserved 1048576K
GC Heap History (10 events):
Event: 6.025 GC heap before
{Heap before GC invocations=9 (full 1):
 PSYoungGen      total 71168K, used 69529K [0x00000000eab00000, 0x00000000f1500000, 0x0000000100000000)
  eden space 62976K, 100% used [0x00000000eab00000,0x00000000ee880000,0x00000000ee880000)
  from space 8192K, 79% used [0x00000000ee880000,0x00000000eeee65d8,0x00000000ef080000)
  to   space 8704K, 0% used [0x00000000f0c80000,0x00000000f0c80000,0x00000000f1500000)
 ParOldGen       total 38400K, used 8418K [0x00000000c0000000, 0x00000000c2580000, 0x00000000eab00000)
  object space 38400K, 21% used [0x00000000c0000000,0x00000000c0838bc0,0x00000000c2580000)
 Metaspace       used 28737K, capacity 29156K, committed 29440K, reserved 1075200K
  class space    used 4102K, capacity 4238K, committed 4352K, reserved 1048576K
Event: 6.036 GC heap after
Heap after GC invocations=9 (full 1):
 PSYoungGen      total 99328K, used 6466K [0x00000000eab00000, 0x00000000f1580000, 0x0000000100000000)
  eden space 90624K, 0% used [0x00000000eab00000,0x00000000eab00000,0x00000000f0380000)
  from space 8704K, 74% used [0x00000000f0c80000,0x00000000f12d0b88,0x00000000f1500000)
  to   space 9216K, 0% used [0x00000000f0380000,0x00000000f0380000,0x00000000f0c80000)
 ParOldGen       total 38400K, used 8426K [0x00000000c0000000, 0x00000000c2580000, 0x00000000eab00000)
  object space 38400K, 21% used [0x00000000c0000000,0x00000000c083abc0,0x00000000c2580000)
 Metaspace       used 28737K, capacity 29156K, committed 29440K, reserved 1075200K
  class space    used 4102K, capacity 4238K, committed 4352K, reserved 1048576K
}
Event: 7.274 GC heap before
{Heap before GC invocations=10 (full 1):
 PSYoungGen      total 99328K, used 97090K [0x00000000eab00000, 0x00000000f1580000, 0x0000000100000000)
  eden space 90624K, 100% used [0x00000000eab00000,0x00000000f0380000,0x00000000f0380000)
  from space 8704K, 74% used [0x00000000f0c80000,0x00000000f12d0b88,0x00000000f1500000)
  to   space 9216K, 0% used [0x00000000f0380000,0x00000000f0380000,0x00000000f0c80000)
 ParOldGen       total 38400K, used 8426K [0x00000000c0000000, 0x00000000c2580000, 0x00000000eab00000)
  object space 38400K, 21% used [0x00000000c0000000,0x00000000c083abc0,0x00000000c2580000)
 Metaspace       used 31925K, capacity 32448K, committed 32768K, reserved 1077248K
  class space    used 4615K, capacity 4775K, committed 4864K, reserved 1048576K
Event: 7.299 GC heap after
Heap after GC invocations=10 (full 1):
 PSYoungGen      total 99840K, used 9184K [0x00000000eab00000, 0x00000000f3400000, 0x0000000100000000)
  eden space 90624K, 0% used [0x00000000eab00000,0x00000000eab00000,0x00000000f0380000)
  from space 9216K, 99% used [0x00000000f0380000,0x00000000f0c78010,0x00000000f0c80000)
  to   space 12288K, 0% used [0x00000000f2800000,0x00000000f2800000,0x00000000f3400000)
 ParOldGen       total 38400K, used 13890K [0x00000000c0000000, 0x00000000c2580000, 0x00000000eab00000)
  object space 38400K, 36% used [0x00000000c0000000,0x00000000c0d909f8,0x00000000c2580000)
 Metaspace       used 31925K, capacity 32448K, committed 32768K, reserved 1077248K
  class space    used 4615K, capacity 4775K, committed 4864K, reserved 1048576K
}
Event: 8.498 GC heap before
{Heap before GC invocations=11 (full 1):
 PSYoungGen      total 99840K, used 23134K [0x00000000eab00000, 0x00000000f3400000, 0x0000000100000000)
  eden space 90624K, 15% used [0x00000000eab00000,0x00000000eb89fb68,0x00000000f0380000)
  from space 9216K, 99% used [0x00000000f0380000,0x00000000f0c78010,0x00000000f0c80000)
  to   space 12288K, 0% used [0x00000000f2800000,0x00000000f2800000,0x00000000f3400000)
 ParOldGen       total 38400K, used 13890K [0x00000000c0000000, 0x00000000c2580000, 0x00000000eab00000)
  object space 38400K, 36% used [0x00000000c0000000,0x00000000c0d909f8,0x00000000c2580000)
 Metaspace       used 34691K, capacity 35188K, committed 35416K, reserved 1079296K
  class space    used 5033K, capacity 5199K, committed 5248K, reserved 1048576K
Event: 8.515 GC heap after
Heap after GC invocations=11 (full 1):
 PSYoungGen      total 126976K, used 10404K [0x00000000eab00000, 0x00000000f3580000, 0x0000000100000000)
  eden space 114688K, 0% used [0x00000000eab00000,0x00000000eab00000,0x00000000f1b00000)
  from space 12288K, 84% used [0x00000000f2800000,0x00000000f3229040,0x00000000f3400000)
  to   space 13312K, 0% used [0x00000000f1b00000,0x00000000f1b00000,0x00000000f2800000)
 ParOldGen       total 38400K, used 13890K [0x00000000c0000000, 0x00000000c2580000, 0x00000000eab00000)
  object space 38400K, 36% used [0x00000000c0000000,0x00000000c0d909f8,0x00000000c2580000)
 Metaspace       used 34691K, capacity 35188K, committed 35416K, reserved 1079296K
  class space    used 5033K, capacity 5199K, committed 5248K, reserved 1048576K
}
Event: 8.515 GC heap before
{Heap before GC invocations=12 (full 2):
 PSYoungGen      total 126976K, used 10404K [0x00000000eab00000, 0x00000000f3580000, 0x0000000100000000)
  eden space 114688K, 0% used [0x00000000eab00000,0x00000000eab00000,0x00000000f1b00000)
  from space 12288K, 84% used [0x00000000f2800000,0x00000000f3229040,0x00000000f3400000)
  to   space 13312K, 0% used [0x00000000f1b00000,0x00000000f1b00000,0x00000000f2800000)
 ParOldGen       total 38400K, used 13890K [0x00000000c0000000, 0x00000000c2580000, 0x00000000eab00000)
  object space 38400K, 36% used [0x00000000c0000000,0x00000000c0d909f8,0x00000000c2580000)
 Metaspace       used 34691K, capacity 35188K, committed 35416K, reserved 1079296K
  class space    used 5033K, capacity 5199K, committed 5248K, reserved 1048576K
Event: 8.623 GC heap after
Heap after GC invocations=12 (full 2):
 PSYoungGen      total 126976K, used 0K [0x00000000eab00000, 0x00000000f3580000, 0x0000000100000000)
  eden space 114688K, 0% used [0x00000000eab00000,0x00000000eab00000,0x00000000f1b00000)
  from space 12288K, 0% used [0x00000000f2800000,0x00000000f2800000,0x00000000f3400000)
  to   space 13312K, 0% used [0x00000000f1b00000,0x00000000f1b00000,0x00000000f2800000)
 ParOldGen       total 67584K, used 22449K [0x00000000c0000000, 0x00000000c4200000, 0x00000000eab00000)
  object space 67584K, 33% used [0x00000000c0000000,0x00000000c15ec7c0,0x00000000c4200000)
 Metaspace       used 34691K, capacity 35188K, committed 35416K, reserved 1079296K
  class space    used 5033K, capacity 5199K, committed 5248K, reserved 1048576K
}
Event: 13.532 GC heap before
{Heap before GC invocations=13 (full 2):
 PSYoungGen      total 126976K, used 114688K [0x00000000eab00000, 0x00000000f3580000, 0x0000000100000000)
  eden space 114688K, 100% used [0x00000000eab00000,0x00000000f1b00000,0x00000000f1b00000)
  from space 12288K, 0% used [0x00000000f2800000,0x00000000f2800000,0x00000000f3400000)
  to   space 13312K, 0% used [0x00000000f1b00000,0x00000000f1b00000,0x00000000f2800000)
 ParOldGen       total 67584K, used 22449K [0x00000000c0000000, 0x00000000c4200000, 0x00000000eab00000)
  object space 67584K, 33% used [0x00000000c0000000,0x00000000c15ec7c0,0x00000000c4200000)
 Metaspace       used 39553K, capacity 40114K, committed 40408K, reserved 1083392K
  class space    used 5420K, capacity 5620K, committed 5632K, reserved 1048576K
Event: 13.555 GC heap after
Heap after GC invocations=13 (full 2):
 PSYoungGen      total 128000K, used 13306K [0x00000000eab00000, 0x00000000f5380000, 0x0000000100000000)
  eden space 114688K, 0% used [0x00000000eab00000,0x00000000eab00000,0x00000000f1b00000)
  from space 13312K, 99% used [0x00000000f1b00000,0x00000000f27feb58,0x00000000f2800000)
  to   space 15872K, 0% used [0x00000000f4400000,0x00000000f4400000,0x00000000f5380000)
 ParOldGen       total 67584K, used 23919K [0x00000000c0000000, 0x00000000c4200000, 0x00000000eab00000)
  object space 67584K, 35% used [0x00000000c0000000,0x00000000c175bd90,0x00000000c4200000)
 Metaspace       used 39553K, capacity 40114K, committed 40408K, reserved 1083392K
  class space    used 5420K, capacity 5620K, committed 5632K, reserved 1048576K
}

